<?xml version="1.0" encoding="UTF-8"?>
<!-- Generated by org.testng.reporters.JUnitReportReporter -->
<testsuite hostname="DESKTOP-13RM4VM" failures="0" tests="1" name="com.examAPI.tests.EndToEnd.EndToEndTestcases" time="1.797" errors="0" timestamp="2022-10-22T14:19:50 PDT" skipped="0">
  <testcase classname="com.examAPI.tests.EndToEnd.EndToEndTestcases" name="getDataID2_TC05" time="1.797"/>
  <system-out/>
</testsuite> <!-- com.examAPI.tests.EndToEnd.EndToEndTestcases -->
